<?xml version="1.0" encoding="UTF-8"?>
<testsuite xmlns:xsi="http://www.w3.org/2001/XMLSchema-instance" xsi:noNamespaceSchemaLocation="https://maven.apache.org/surefire/maven-surefire-plugin/xsd/surefire-test-report.xsd" name="noughts.PlayTest" time="0.06" tests="25" errors="0" skipped="0" failures="0">
  <properties>
[...]
</properties>
  <testcase name="computer_completes_instead_of_blocking_1" classname="noughts.PlayTest" time="0.026"/>
  <testcase name="computer_completes_instead_of_blocking_2" classname="noughts.PlayTest" time="0.001"/>
  <testcase name="computer_moves_on_empty_board" classname="noughts.PlayTest" time="0"/>
  <testcase name="list_from_generateWincons_has_length_8" classname="noughts.PlayTest" time="0"/>
  <testcase name="computer_completes_with_two_wins_1" classname="noughts.PlayTest" time="0"/>
  <testcase name="computer_completes_with_two_wins_2" classname="noughts.PlayTest" time="0"/>
  <testcase name="check_for_tie_1" classname="noughts.PlayTest" time="0"/>
  <testcase name="check_for_tie_2" classname="noughts.PlayTest" time="0"/>
  <testcase name="computer_completes_1" classname="noughts.PlayTest" time="0.004"/>
  <testcase name="computer_completes_2" classname="noughts.PlayTest" time="0"/>
  <testcase name="list_from_generateWincons_has_elements_length_3" classname="noughts.PlayTest" time="0"/>
  <testcase name="computer_completes_and_blocks_1" classname="noughts.PlayTest" time="0"/>
  <testcase name="computer_completes_and_blocks_2" classname="noughts.PlayTest" time="0"/>
  <testcase name="sublists_in_generateWincons_have_correct_elements" classname="noughts.PlayTest" time="0.001"/>
  <testcase name="check_for_computer_win_1" classname="noughts.PlayTest" time="0"/>
  <testcase name="check_for_computer_win_2" classname="noughts.PlayTest" time="0.001"/>
  <testcase name="computer_blocks_player_mult_1" classname="noughts.PlayTest" time="0"/>
  <testcase name="computer_blocks_player_mult_2" classname="noughts.PlayTest" time="0"/>
  <testcase name="check_computer_win_initiated" classname="noughts.PlayTest" time="0.003"/>
  <testcase name="computer_blocks_player_1" classname="noughts.PlayTest" time="0.001"/>
  <testcase name="computer_blocks_player_2" classname="noughts.PlayTest" time="0"/>
  <testcase name="check_human_win_initiated" classname="noughts.PlayTest" time="0.001"/>
  <testcase name="check_for_human_win_1" classname="noughts.PlayTest" time="0.001"/>
  <testcase name="check_for_human_win_2" classname="noughts.PlayTest" time="0"/>
  <testcase name="check_no_win_initiated" classname="noughts.PlayTest" time="0"/>
</testsuite>